[2024-06-03 09:25:24 [32mINFO [0;39m restartedMain] [com.green.todo.TodoApplication] [36mStarting TodoApplication using Java 17.0.10 with PID 2032 (D:\Students\MJ\backEnd\todo\build\classes\java\main started by Administrator in D:\Students\MJ\backEnd\todo)[0;39m
[2024-06-03 09:25:24 [32mINFO [0;39m restartedMain] [com.green.todo.TodoApplication] [36mNo active profile set, falling back to 1 default profile: "default"[0;39m
[2024-06-03 09:25:24 [32mINFO [0;39m restartedMain] [org.springframework.boot.devtools.env.DevToolsPropertyDefaultsPostProcessor] [36mDevtools property defaults active! Set 'spring.devtools.add-properties' to 'false' to disable[0;39m
[2024-06-03 09:25:24 [32mINFO [0;39m restartedMain] [org.springframework.boot.devtools.env.DevToolsPropertyDefaultsPostProcessor] [36mFor additional web related logging consider setting the 'logging.level.web' property to 'DEBUG'[0;39m
[2024-06-03 09:25:25 [32mINFO [0;39m restartedMain] [org.springframework.boot.web.embedded.tomcat.TomcatWebServer] [36mTomcat initialized with port 8080 (http)[0;39m
[2024-06-03 09:25:25 [32mINFO [0;39m restartedMain] [org.apache.coyote.http11.Http11NioProtocol] [36mInitializing ProtocolHandler ["http-nio-8080"][0;39m
[2024-06-03 09:25:25 [32mINFO [0;39m restartedMain] [org.apache.catalina.core.StandardService] [36mStarting service [Tomcat][0;39m
[2024-06-03 09:25:25 [32mINFO [0;39m restartedMain] [org.apache.catalina.core.StandardEngine] [36mStarting Servlet engine: [Apache Tomcat/10.1.20][0;39m
[2024-06-03 09:25:25 [32mINFO [0;39m restartedMain] [org.apache.catalina.core.ContainerBase.[Tomcat].[localhost].[/]] [36mInitializing Spring embedded WebApplicationContext[0;39m
[2024-06-03 09:25:25 [32mINFO [0;39m restartedMain] [org.springframework.boot.web.servlet.context.ServletWebServerApplicationContext] [36mRoot WebApplicationContext: initialization completed in 1259 ms[0;39m
[2024-06-03 09:25:26 [32mINFO [0;39m restartedMain] [org.springframework.boot.devtools.autoconfigure.OptionalLiveReloadServer] [36mLiveReload server is running on port 35729[0;39m
[2024-06-03 09:25:26 [32mINFO [0;39m restartedMain] [org.springframework.boot.actuate.endpoint.web.EndpointLinksResolver] [36mExposing 1 endpoint(s) beneath base path '/actuator'[0;39m
[2024-06-03 09:25:26 [32mINFO [0;39m restartedMain] [org.apache.coyote.http11.Http11NioProtocol] [36mStarting ProtocolHandler ["http-nio-8080"][0;39m
[2024-06-03 09:25:26 [32mINFO [0;39m restartedMain] [org.springframework.boot.web.embedded.tomcat.TomcatWebServer] [36mTomcat started on port 8080 (http) with context path ''[0;39m
[2024-06-03 09:25:26 [32mINFO [0;39m restartedMain] [com.green.todo.TodoApplication] [36mStarted TodoApplication in 2.765 seconds (process running for 3.296)[0;39m
[2024-06-03 09:25:27 [32mINFO [0;39m RMI TCP Connection(2)-192.168.0.207] [org.apache.catalina.core.ContainerBase.[Tomcat].[localhost].[/]] [36mInitializing Spring DispatcherServlet 'dispatcherServlet'[0;39m
[2024-06-03 09:25:27 [32mINFO [0;39m RMI TCP Connection(2)-192.168.0.207] [org.springframework.web.servlet.DispatcherServlet] [36mInitializing Servlet 'dispatcherServlet'[0;39m
[2024-06-03 09:25:27 [32mINFO [0;39m RMI TCP Connection(3)-192.168.0.207] [com.zaxxer.hikari.HikariDataSource] [36mHikariPool-1 - Starting...[0;39m
[2024-06-03 09:25:27 [32mINFO [0;39m RMI TCP Connection(2)-192.168.0.207] [org.springframework.web.servlet.DispatcherServlet] [36mCompleted initialization in 1 ms[0;39m
[2024-06-03 09:25:27 [32mINFO [0;39m RMI TCP Connection(3)-192.168.0.207] [com.zaxxer.hikari.pool.HikariPool] [36mHikariPool-1 - Added connection net.sf.log4jdbc.sql.jdbcapi.ConnectionSpy@787224b0[0;39m
[2024-06-03 09:25:27 [32mINFO [0;39m RMI TCP Connection(3)-192.168.0.207] [com.zaxxer.hikari.HikariDataSource] [36mHikariPool-1 - Start completed.[0;39m
[2024-06-03 09:25:29 [32mINFO [0;39m http-nio-8080-exec-9] [org.springdoc.api.AbstractOpenApiResource] [36mInit duration for springdoc-openapi is: 204 ms[0;39m
[2024-06-03 09:26:16 [32mINFO [0;39m http-nio-8080-exec-9] [org.springdoc.api.AbstractOpenApiResource] [36mInit duration for springdoc-openapi is: 76 ms[0;39m
[2024-06-03 09:32:34 [32mINFO [0;39m File Watcher] [org.springframework.boot.devtools.autoconfigure.LocalDevToolsAutoConfiguration$RestartingClassPathChangeChangedEventListener] [36mRestarting due to 4 class path changes (0 additions, 0 deletions, 4 modifications)[0;39m
[2024-06-03 09:32:34 [32mINFO [0;39m Thread-5] [org.apache.coyote.http11.Http11NioProtocol] [36mStopping ProtocolHandler ["http-nio-8080"][0;39m
[2024-06-03 09:32:34 [32mINFO [0;39m Thread-5] [com.zaxxer.hikari.HikariDataSource] [36mHikariPool-1 - Shutdown initiated...[0;39m
[2024-06-03 09:32:34 [32mINFO [0;39m Thread-5] [com.zaxxer.hikari.HikariDataSource] [36mHikariPool-1 - Shutdown completed.[0;39m
[2024-06-03 09:32:34 [32mINFO [0;39m restartedMain] [com.green.todo.TodoApplication] [36mStarting TodoApplication using Java 17.0.10 with PID 2032 (D:\Students\MJ\backEnd\todo\build\classes\java\main started by Administrator in D:\Students\MJ\backEnd\todo)[0;39m
[2024-06-03 09:32:34 [32mINFO [0;39m restartedMain] [com.green.todo.TodoApplication] [36mNo active profile set, falling back to 1 default profile: "default"[0;39m
[2024-06-03 09:32:34 [32mINFO [0;39m restartedMain] [org.springframework.boot.web.embedded.tomcat.TomcatWebServer] [36mTomcat initialized with port 8080 (http)[0;39m
[2024-06-03 09:32:34 [32mINFO [0;39m restartedMain] [org.apache.coyote.http11.Http11NioProtocol] [36mInitializing ProtocolHandler ["http-nio-8080"][0;39m
[2024-06-03 09:32:34 [32mINFO [0;39m restartedMain] [org.apache.catalina.core.StandardService] [36mStarting service [Tomcat][0;39m
[2024-06-03 09:32:34 [32mINFO [0;39m restartedMain] [org.apache.catalina.core.StandardEngine] [36mStarting Servlet engine: [Apache Tomcat/10.1.20][0;39m
[2024-06-03 09:32:34 [32mINFO [0;39m restartedMain] [org.apache.catalina.core.ContainerBase.[Tomcat].[localhost].[/]] [36mInitializing Spring embedded WebApplicationContext[0;39m
[2024-06-03 09:32:34 [32mINFO [0;39m restartedMain] [org.springframework.boot.web.servlet.context.ServletWebServerApplicationContext] [36mRoot WebApplicationContext: initialization completed in 289 ms[0;39m
[2024-06-03 09:32:34 [32mINFO [0;39m restartedMain] [org.springframework.boot.devtools.autoconfigure.OptionalLiveReloadServer] [36mLiveReload server is running on port 35729[0;39m
[2024-06-03 09:32:34 [32mINFO [0;39m restartedMain] [org.springframework.boot.actuate.endpoint.web.EndpointLinksResolver] [36mExposing 1 endpoint(s) beneath base path '/actuator'[0;39m
[2024-06-03 09:32:34 [32mINFO [0;39m restartedMain] [org.apache.coyote.http11.Http11NioProtocol] [36mStarting ProtocolHandler ["http-nio-8080"][0;39m
[2024-06-03 09:32:34 [32mINFO [0;39m restartedMain] [org.springframework.boot.web.embedded.tomcat.TomcatWebServer] [36mTomcat started on port 8080 (http) with context path ''[0;39m
[2024-06-03 09:32:34 [32mINFO [0;39m restartedMain] [com.green.todo.TodoApplication] [36mStarted TodoApplication in 0.563 seconds (process running for 431.29)[0;39m
[2024-06-03 09:32:34 [32mINFO [0;39m restartedMain] [org.springframework.boot.devtools.autoconfigure.ConditionEvaluationDeltaLoggingListener] [36mCondition evaluation unchanged[0;39m
[2024-06-03 09:34:00 [32mINFO [0;39m File Watcher] [org.springframework.boot.devtools.autoconfigure.LocalDevToolsAutoConfiguration$RestartingClassPathChangeChangedEventListener] [36mRestarting due to 4 class path changes (0 additions, 0 deletions, 4 modifications)[0;39m
[2024-06-03 09:34:00 [32mINFO [0;39m Thread-7] [org.apache.coyote.http11.Http11NioProtocol] [36mStopping ProtocolHandler ["http-nio-8080"][0;39m
[2024-06-03 09:34:00 [32mINFO [0;39m restartedMain] [com.green.todo.TodoApplication] [36mStarting TodoApplication using Java 17.0.10 with PID 2032 (D:\Students\MJ\backEnd\todo\build\classes\java\main started by Administrator in D:\Students\MJ\backEnd\todo)[0;39m
[2024-06-03 09:34:00 [32mINFO [0;39m restartedMain] [com.green.todo.TodoApplication] [36mNo active profile set, falling back to 1 default profile: "default"[0;39m
[2024-06-03 09:34:01 [32mINFO [0;39m restartedMain] [org.springframework.boot.web.embedded.tomcat.TomcatWebServer] [36mTomcat initialized with port 8080 (http)[0;39m
[2024-06-03 09:34:01 [32mINFO [0;39m restartedMain] [org.apache.coyote.http11.Http11NioProtocol] [36mInitializing ProtocolHandler ["http-nio-8080"][0;39m
[2024-06-03 09:34:01 [32mINFO [0;39m restartedMain] [org.apache.catalina.core.StandardService] [36mStarting service [Tomcat][0;39m
[2024-06-03 09:34:01 [32mINFO [0;39m restartedMain] [org.apache.catalina.core.StandardEngine] [36mStarting Servlet engine: [Apache Tomcat/10.1.20][0;39m
[2024-06-03 09:34:01 [32mINFO [0;39m restartedMain] [org.apache.catalina.core.ContainerBase.[Tomcat].[localhost].[/]] [36mInitializing Spring embedded WebApplicationContext[0;39m
[2024-06-03 09:34:01 [32mINFO [0;39m restartedMain] [org.springframework.boot.web.servlet.context.ServletWebServerApplicationContext] [36mRoot WebApplicationContext: initialization completed in 263 ms[0;39m
[2024-06-03 09:34:01 [32mINFO [0;39m restartedMain] [org.springframework.boot.devtools.autoconfigure.OptionalLiveReloadServer] [36mLiveReload server is running on port 35729[0;39m
[2024-06-03 09:34:01 [32mINFO [0;39m restartedMain] [org.springframework.boot.actuate.endpoint.web.EndpointLinksResolver] [36mExposing 1 endpoint(s) beneath base path '/actuator'[0;39m
[2024-06-03 09:34:01 [32mINFO [0;39m restartedMain] [org.apache.coyote.http11.Http11NioProtocol] [36mStarting ProtocolHandler ["http-nio-8080"][0;39m
[2024-06-03 09:34:01 [32mINFO [0;39m restartedMain] [org.springframework.boot.web.embedded.tomcat.TomcatWebServer] [36mTomcat started on port 8080 (http) with context path ''[0;39m
[2024-06-03 09:34:01 [32mINFO [0;39m restartedMain] [com.green.todo.TodoApplication] [36mStarted TodoApplication in 0.465 seconds (process running for 517.729)[0;39m
[2024-06-03 09:34:01 [32mINFO [0;39m restartedMain] [org.springframework.boot.devtools.autoconfigure.ConditionEvaluationDeltaLoggingListener] [36mCondition evaluation unchanged[0;39m
[2024-06-03 09:34:53 [32mINFO [0;39m File Watcher] [org.springframework.boot.devtools.autoconfigure.LocalDevToolsAutoConfiguration$RestartingClassPathChangeChangedEventListener] [36mRestarting due to 4 class path changes (0 additions, 0 deletions, 4 modifications)[0;39m
[2024-06-03 09:34:53 [32mINFO [0;39m Thread-11] [org.apache.coyote.http11.Http11NioProtocol] [36mStopping ProtocolHandler ["http-nio-8080"][0;39m
[2024-06-03 09:34:53 [32mINFO [0;39m restartedMain] [com.green.todo.TodoApplication] [36mStarting TodoApplication using Java 17.0.10 with PID 2032 (D:\Students\MJ\backEnd\todo\build\classes\java\main started by Administrator in D:\Students\MJ\backEnd\todo)[0;39m
[2024-06-03 09:34:53 [32mINFO [0;39m restartedMain] [com.green.todo.TodoApplication] [36mNo active profile set, falling back to 1 default profile: "default"[0;39m
[2024-06-03 09:34:54 [32mINFO [0;39m restartedMain] [org.springframework.boot.web.embedded.tomcat.TomcatWebServer] [36mTomcat initialized with port 8080 (http)[0;39m
[2024-06-03 09:34:54 [32mINFO [0;39m restartedMain] [org.apache.coyote.http11.Http11NioProtocol] [36mInitializing ProtocolHandler ["http-nio-8080"][0;39m
[2024-06-03 09:34:54 [32mINFO [0;39m restartedMain] [org.apache.catalina.core.StandardService] [36mStarting service [Tomcat][0;39m
[2024-06-03 09:34:54 [32mINFO [0;39m restartedMain] [org.apache.catalina.core.StandardEngine] [36mStarting Servlet engine: [Apache Tomcat/10.1.20][0;39m
[2024-06-03 09:34:54 [32mINFO [0;39m restartedMain] [org.apache.catalina.core.ContainerBase.[Tomcat].[localhost].[/]] [36mInitializing Spring embedded WebApplicationContext[0;39m
[2024-06-03 09:34:54 [32mINFO [0;39m restartedMain] [org.springframework.boot.web.servlet.context.ServletWebServerApplicationContext] [36mRoot WebApplicationContext: initialization completed in 301 ms[0;39m
[2024-06-03 09:34:54 [32mINFO [0;39m restartedMain] [org.springframework.boot.devtools.autoconfigure.OptionalLiveReloadServer] [36mLiveReload server is running on port 35729[0;39m
[2024-06-03 09:34:54 [32mINFO [0;39m restartedMain] [org.springframework.boot.actuate.endpoint.web.EndpointLinksResolver] [36mExposing 1 endpoint(s) beneath base path '/actuator'[0;39m
[2024-06-03 09:34:54 [32mINFO [0;39m restartedMain] [org.apache.coyote.http11.Http11NioProtocol] [36mStarting ProtocolHandler ["http-nio-8080"][0;39m
[2024-06-03 09:34:54 [32mINFO [0;39m restartedMain] [org.springframework.boot.web.embedded.tomcat.TomcatWebServer] [36mTomcat started on port 8080 (http) with context path ''[0;39m
[2024-06-03 09:34:54 [32mINFO [0;39m restartedMain] [com.green.todo.TodoApplication] [36mStarted TodoApplication in 0.525 seconds (process running for 570.659)[0;39m
[2024-06-03 09:34:54 [32mINFO [0;39m restartedMain] [org.springframework.boot.devtools.autoconfigure.ConditionEvaluationDeltaLoggingListener] [36mCondition evaluation unchanged[0;39m
[2024-06-03 09:36:50 [32mINFO [0;39m restartedMain] [com.green.todo.TodoApplication] [36mStarting TodoApplication using Java 17.0.10 with PID 5688 (D:\Students\MJ\backEnd\todo\build\classes\java\main started by Administrator in D:\Students\MJ\backEnd\todo)[0;39m
[2024-06-03 09:36:50 [32mINFO [0;39m restartedMain] [com.green.todo.TodoApplication] [36mNo active profile set, falling back to 1 default profile: "default"[0;39m
[2024-06-03 09:36:50 [32mINFO [0;39m restartedMain] [org.springframework.boot.devtools.env.DevToolsPropertyDefaultsPostProcessor] [36mDevtools property defaults active! Set 'spring.devtools.add-properties' to 'false' to disable[0;39m
[2024-06-03 09:36:50 [32mINFO [0;39m restartedMain] [org.springframework.boot.devtools.env.DevToolsPropertyDefaultsPostProcessor] [36mFor additional web related logging consider setting the 'logging.level.web' property to 'DEBUG'[0;39m
[2024-06-03 09:36:51 [32mINFO [0;39m restartedMain] [org.springframework.boot.web.embedded.tomcat.TomcatWebServer] [36mTomcat initialized with port 8080 (http)[0;39m
[2024-06-03 09:36:51 [32mINFO [0;39m restartedMain] [org.apache.coyote.http11.Http11NioProtocol] [36mInitializing ProtocolHandler ["http-nio-8080"][0;39m
[2024-06-03 09:36:51 [32mINFO [0;39m restartedMain] [org.apache.catalina.core.StandardService] [36mStarting service [Tomcat][0;39m
[2024-06-03 09:36:51 [32mINFO [0;39m restartedMain] [org.apache.catalina.core.StandardEngine] [36mStarting Servlet engine: [Apache Tomcat/10.1.20][0;39m
[2024-06-03 09:36:51 [32mINFO [0;39m restartedMain] [org.apache.catalina.core.ContainerBase.[Tomcat].[localhost].[/]] [36mInitializing Spring embedded WebApplicationContext[0;39m
[2024-06-03 09:36:51 [32mINFO [0;39m restartedMain] [org.springframework.boot.web.servlet.context.ServletWebServerApplicationContext] [36mRoot WebApplicationContext: initialization completed in 965 ms[0;39m
[2024-06-03 09:36:51 [32mINFO [0;39m restartedMain] [org.springframework.boot.devtools.autoconfigure.OptionalLiveReloadServer] [36mLiveReload server is running on port 35729[0;39m
[2024-06-03 09:36:51 [32mINFO [0;39m restartedMain] [org.springframework.boot.actuate.endpoint.web.EndpointLinksResolver] [36mExposing 1 endpoint(s) beneath base path '/actuator'[0;39m
[2024-06-03 09:36:51 [32mINFO [0;39m restartedMain] [org.apache.coyote.http11.Http11NioProtocol] [36mStarting ProtocolHandler ["http-nio-8080"][0;39m
[2024-06-03 09:36:51 [32mINFO [0;39m restartedMain] [org.springframework.boot.web.embedded.tomcat.TomcatWebServer] [36mTomcat started on port 8080 (http) with context path ''[0;39m
[2024-06-03 09:36:51 [32mINFO [0;39m restartedMain] [com.green.todo.TodoApplication] [36mStarted TodoApplication in 2.019 seconds (process running for 2.387)[0;39m
[2024-06-03 09:36:52 [32mINFO [0;39m RMI TCP Connection(2)-192.168.0.207] [org.apache.catalina.core.ContainerBase.[Tomcat].[localhost].[/]] [36mInitializing Spring DispatcherServlet 'dispatcherServlet'[0;39m
[2024-06-03 09:36:52 [32mINFO [0;39m RMI TCP Connection(2)-192.168.0.207] [org.springframework.web.servlet.DispatcherServlet] [36mInitializing Servlet 'dispatcherServlet'[0;39m
[2024-06-03 09:36:52 [32mINFO [0;39m RMI TCP Connection(2)-192.168.0.207] [org.springframework.web.servlet.DispatcherServlet] [36mCompleted initialization in 1 ms[0;39m
[2024-06-03 09:36:52 [32mINFO [0;39m RMI TCP Connection(1)-192.168.0.207] [com.zaxxer.hikari.HikariDataSource] [36mHikariPool-1 - Starting...[0;39m
[2024-06-03 09:36:52 [32mINFO [0;39m RMI TCP Connection(1)-192.168.0.207] [com.zaxxer.hikari.pool.HikariPool] [36mHikariPool-1 - Added connection net.sf.log4jdbc.sql.jdbcapi.ConnectionSpy@4ce263a0[0;39m
[2024-06-03 09:36:52 [32mINFO [0;39m RMI TCP Connection(1)-192.168.0.207] [com.zaxxer.hikari.HikariDataSource] [36mHikariPool-1 - Start completed.[0;39m
[2024-06-03 09:36:58 [32mINFO [0;39m http-nio-8080-exec-5] [org.springdoc.api.AbstractOpenApiResource] [36mInit duration for springdoc-openapi is: 211 ms[0;39m
[2024-06-03 09:37:20 [32mINFO [0;39m File Watcher] [org.springframework.boot.devtools.autoconfigure.LocalDevToolsAutoConfiguration$RestartingClassPathChangeChangedEventListener] [36mRestarting due to 2 class path changes (0 additions, 0 deletions, 2 modifications)[0;39m
[2024-06-03 09:37:20 [32mINFO [0;39m Thread-5] [org.apache.coyote.http11.Http11NioProtocol] [36mStopping ProtocolHandler ["http-nio-8080"][0;39m
[2024-06-03 09:37:20 [32mINFO [0;39m Thread-5] [com.zaxxer.hikari.HikariDataSource] [36mHikariPool-1 - Shutdown initiated...[0;39m
[2024-06-03 09:37:20 [32mINFO [0;39m Thread-5] [com.zaxxer.hikari.HikariDataSource] [36mHikariPool-1 - Shutdown completed.[0;39m
[2024-06-03 09:37:20 [32mINFO [0;39m restartedMain] [com.green.todo.TodoApplication] [36mStarting TodoApplication using Java 17.0.10 with PID 5688 (D:\Students\MJ\backEnd\todo\build\classes\java\main started by Administrator in D:\Students\MJ\backEnd\todo)[0;39m
[2024-06-03 09:37:20 [32mINFO [0;39m restartedMain] [com.green.todo.TodoApplication] [36mNo active profile set, falling back to 1 default profile: "default"[0;39m
[2024-06-03 09:37:20 [32mINFO [0;39m restartedMain] [org.springframework.boot.web.embedded.tomcat.TomcatWebServer] [36mTomcat initialized with port 8080 (http)[0;39m
[2024-06-03 09:37:20 [32mINFO [0;39m restartedMain] [org.apache.coyote.http11.Http11NioProtocol] [36mInitializing ProtocolHandler ["http-nio-8080"][0;39m
[2024-06-03 09:37:20 [32mINFO [0;39m restartedMain] [org.apache.catalina.core.StandardService] [36mStarting service [Tomcat][0;39m
[2024-06-03 09:37:20 [32mINFO [0;39m restartedMain] [org.apache.catalina.core.StandardEngine] [36mStarting Servlet engine: [Apache Tomcat/10.1.20][0;39m
[2024-06-03 09:37:20 [32mINFO [0;39m restartedMain] [org.apache.catalina.core.ContainerBase.[Tomcat].[localhost].[/]] [36mInitializing Spring embedded WebApplicationContext[0;39m
[2024-06-03 09:37:20 [32mINFO [0;39m restartedMain] [org.springframework.boot.web.servlet.context.ServletWebServerApplicationContext] [36mRoot WebApplicationContext: initialization completed in 283 ms[0;39m
[2024-06-03 09:37:20 [32mINFO [0;39m restartedMain] [org.springframework.boot.devtools.autoconfigure.OptionalLiveReloadServer] [36mLiveReload server is running on port 35729[0;39m
[2024-06-03 09:37:20 [32mINFO [0;39m restartedMain] [org.springframework.boot.actuate.endpoint.web.EndpointLinksResolver] [36mExposing 1 endpoint(s) beneath base path '/actuator'[0;39m
[2024-06-03 09:37:20 [32mINFO [0;39m restartedMain] [org.apache.coyote.http11.Http11NioProtocol] [36mStarting ProtocolHandler ["http-nio-8080"][0;39m
[2024-06-03 09:37:20 [32mINFO [0;39m restartedMain] [org.springframework.boot.web.embedded.tomcat.TomcatWebServer] [36mTomcat started on port 8080 (http) with context path ''[0;39m
[2024-06-03 09:37:20 [32mINFO [0;39m restartedMain] [com.green.todo.TodoApplication] [36mStarted TodoApplication in 0.501 seconds (process running for 31.245)[0;39m
[2024-06-03 09:37:20 [32mINFO [0;39m restartedMain] [org.springframework.boot.devtools.autoconfigure.ConditionEvaluationDeltaLoggingListener] [36mCondition evaluation unchanged[0;39m
[2024-06-03 09:37:59 [32mINFO [0;39m restartedMain] [com.green.todo.TodoApplication] [36mStarting TodoApplication using Java 17.0.10 with PID 328 (D:\Students\MJ\backEnd\todo\build\classes\java\main started by Administrator in D:\Students\MJ\backEnd\todo)[0;39m
[2024-06-03 09:37:59 [32mINFO [0;39m restartedMain] [com.green.todo.TodoApplication] [36mNo active profile set, falling back to 1 default profile: "default"[0;39m
[2024-06-03 09:37:59 [32mINFO [0;39m restartedMain] [org.springframework.boot.devtools.env.DevToolsPropertyDefaultsPostProcessor] [36mDevtools property defaults active! Set 'spring.devtools.add-properties' to 'false' to disable[0;39m
[2024-06-03 09:37:59 [32mINFO [0;39m restartedMain] [org.springframework.boot.devtools.env.DevToolsPropertyDefaultsPostProcessor] [36mFor additional web related logging consider setting the 'logging.level.web' property to 'DEBUG'[0;39m
[2024-06-03 09:38:00 [32mINFO [0;39m restartedMain] [org.springframework.boot.web.embedded.tomcat.TomcatWebServer] [36mTomcat initialized with port 8080 (http)[0;39m
[2024-06-03 09:38:00 [32mINFO [0;39m restartedMain] [org.apache.coyote.http11.Http11NioProtocol] [36mInitializing ProtocolHandler ["http-nio-8080"][0;39m
[2024-06-03 09:38:00 [32mINFO [0;39m restartedMain] [org.apache.catalina.core.StandardService] [36mStarting service [Tomcat][0;39m
[2024-06-03 09:38:00 [32mINFO [0;39m restartedMain] [org.apache.catalina.core.StandardEngine] [36mStarting Servlet engine: [Apache Tomcat/10.1.20][0;39m
[2024-06-03 09:38:00 [32mINFO [0;39m restartedMain] [org.apache.catalina.core.ContainerBase.[Tomcat].[localhost].[/]] [36mInitializing Spring embedded WebApplicationContext[0;39m
[2024-06-03 09:38:00 [32mINFO [0;39m restartedMain] [org.springframework.boot.web.servlet.context.ServletWebServerApplicationContext] [36mRoot WebApplicationContext: initialization completed in 947 ms[0;39m
[2024-06-03 09:38:01 [32mINFO [0;39m restartedMain] [org.springframework.boot.devtools.autoconfigure.OptionalLiveReloadServer] [36mLiveReload server is running on port 35729[0;39m
[2024-06-03 09:38:01 [32mINFO [0;39m restartedMain] [org.springframework.boot.actuate.endpoint.web.EndpointLinksResolver] [36mExposing 1 endpoint(s) beneath base path '/actuator'[0;39m
[2024-06-03 09:38:01 [32mINFO [0;39m restartedMain] [org.apache.coyote.http11.Http11NioProtocol] [36mStarting ProtocolHandler ["http-nio-8080"][0;39m
[2024-06-03 09:38:01 [32mINFO [0;39m restartedMain] [org.springframework.boot.web.embedded.tomcat.TomcatWebServer] [36mTomcat started on port 8080 (http) with context path ''[0;39m
[2024-06-03 09:38:01 [32mINFO [0;39m restartedMain] [com.green.todo.TodoApplication] [36mStarted TodoApplication in 1.976 seconds (process running for 2.327)[0;39m
[2024-06-03 09:38:01 [32mINFO [0;39m RMI TCP Connection(2)-192.168.0.207] [org.apache.catalina.core.ContainerBase.[Tomcat].[localhost].[/]] [36mInitializing Spring DispatcherServlet 'dispatcherServlet'[0;39m
[2024-06-03 09:38:01 [32mINFO [0;39m RMI TCP Connection(2)-192.168.0.207] [org.springframework.web.servlet.DispatcherServlet] [36mInitializing Servlet 'dispatcherServlet'[0;39m
[2024-06-03 09:38:01 [32mINFO [0;39m RMI TCP Connection(2)-192.168.0.207] [org.springframework.web.servlet.DispatcherServlet] [36mCompleted initialization in 1 ms[0;39m
[2024-06-03 09:38:01 [32mINFO [0;39m RMI TCP Connection(1)-192.168.0.207] [com.zaxxer.hikari.HikariDataSource] [36mHikariPool-1 - Starting...[0;39m
[2024-06-03 09:38:01 [32mINFO [0;39m RMI TCP Connection(1)-192.168.0.207] [com.zaxxer.hikari.pool.HikariPool] [36mHikariPool-1 - Added connection net.sf.log4jdbc.sql.jdbcapi.ConnectionSpy@14ffa25c[0;39m
[2024-06-03 09:38:01 [32mINFO [0;39m RMI TCP Connection(1)-192.168.0.207] [com.zaxxer.hikari.HikariDataSource] [36mHikariPool-1 - Start completed.[0;39m
[2024-06-03 09:38:25 [32mINFO [0;39m File Watcher] [org.springframework.boot.devtools.autoconfigure.LocalDevToolsAutoConfiguration$RestartingClassPathChangeChangedEventListener] [36mRestarting due to 4 class path changes (0 additions, 0 deletions, 4 modifications)[0;39m
[2024-06-03 09:38:25 [32mINFO [0;39m Thread-5] [org.apache.coyote.http11.Http11NioProtocol] [36mStopping ProtocolHandler ["http-nio-8080"][0;39m
[2024-06-03 09:38:25 [32mINFO [0;39m Thread-5] [com.zaxxer.hikari.HikariDataSource] [36mHikariPool-1 - Shutdown initiated...[0;39m
[2024-06-03 09:38:25 [32mINFO [0;39m Thread-5] [com.zaxxer.hikari.HikariDataSource] [36mHikariPool-1 - Shutdown completed.[0;39m
[2024-06-03 09:38:25 [32mINFO [0;39m restartedMain] [com.green.todo.TodoApplication] [36mStarting TodoApplication using Java 17.0.10 with PID 328 (D:\Students\MJ\backEnd\todo\build\classes\java\main started by Administrator in D:\Students\MJ\backEnd\todo)[0;39m
[2024-06-03 09:38:25 [32mINFO [0;39m restartedMain] [com.green.todo.TodoApplication] [36mNo active profile set, falling back to 1 default profile: "default"[0;39m
[2024-06-03 09:38:26 [32mINFO [0;39m restartedMain] [org.springframework.boot.web.embedded.tomcat.TomcatWebServer] [36mTomcat initialized with port 8080 (http)[0;39m
[2024-06-03 09:38:26 [32mINFO [0;39m restartedMain] [org.apache.coyote.http11.Http11NioProtocol] [36mInitializing ProtocolHandler ["http-nio-8080"][0;39m
[2024-06-03 09:38:26 [32mINFO [0;39m restartedMain] [org.apache.catalina.core.StandardService] [36mStarting service [Tomcat][0;39m
[2024-06-03 09:38:26 [32mINFO [0;39m restartedMain] [org.apache.catalina.core.StandardEngine] [36mStarting Servlet engine: [Apache Tomcat/10.1.20][0;39m
[2024-06-03 09:38:26 [32mINFO [0;39m restartedMain] [org.apache.catalina.core.ContainerBase.[Tomcat].[localhost].[/]] [36mInitializing Spring embedded WebApplicationContext[0;39m
[2024-06-03 09:38:26 [32mINFO [0;39m restartedMain] [org.springframework.boot.web.servlet.context.ServletWebServerApplicationContext] [36mRoot WebApplicationContext: initialization completed in 282 ms[0;39m
[2024-06-03 09:38:26 [32mINFO [0;39m restartedMain] [org.springframework.boot.devtools.autoconfigure.OptionalLiveReloadServer] [36mLiveReload server is running on port 35729[0;39m
[2024-06-03 09:38:26 [32mINFO [0;39m restartedMain] [org.springframework.boot.actuate.endpoint.web.EndpointLinksResolver] [36mExposing 1 endpoint(s) beneath base path '/actuator'[0;39m
[2024-06-03 09:38:26 [32mINFO [0;39m restartedMain] [org.apache.coyote.http11.Http11NioProtocol] [36mStarting ProtocolHandler ["http-nio-8080"][0;39m
[2024-06-03 09:38:26 [32mINFO [0;39m restartedMain] [org.springframework.boot.web.embedded.tomcat.TomcatWebServer] [36mTomcat started on port 8080 (http) with context path ''[0;39m
[2024-06-03 09:38:26 [32mINFO [0;39m restartedMain] [com.green.todo.TodoApplication] [36mStarted TodoApplication in 0.51 seconds (process running for 27.585)[0;39m
[2024-06-03 09:38:26 [32mINFO [0;39m restartedMain] [org.springframework.boot.devtools.autoconfigure.ConditionEvaluationDeltaLoggingListener] [36mCondition evaluation unchanged[0;39m
[2024-06-03 10:16:19 [32mINFO [0;39m http-nio-8080-exec-1] [org.apache.catalina.core.ContainerBase.[Tomcat].[localhost].[/]] [36mInitializing Spring DispatcherServlet 'dispatcherServlet'[0;39m
[2024-06-03 10:16:19 [32mINFO [0;39m http-nio-8080-exec-1] [org.springframework.web.servlet.DispatcherServlet] [36mInitializing Servlet 'dispatcherServlet'[0;39m
[2024-06-03 10:16:19 [32mINFO [0;39m http-nio-8080-exec-1] [org.springframework.web.servlet.DispatcherServlet] [36mCompleted initialization in 0 ms[0;39m
[2024-06-03 10:16:20 [32mINFO [0;39m http-nio-8080-exec-4] [org.springdoc.api.AbstractOpenApiResource] [36mInit duration for springdoc-openapi is: 200 ms[0;39m
[2024-06-03 10:16:37 [32mINFO [0;39m restartedMain] [com.green.todo.TodoApplication] [36mStarting TodoApplication using Java 17.0.10 with PID 10568 (D:\Students\MJ\backEnd\todo\build\classes\java\main started by Administrator in D:\Students\MJ\backEnd\todo)[0;39m
[2024-06-03 10:16:37 [32mINFO [0;39m restartedMain] [com.green.todo.TodoApplication] [36mNo active profile set, falling back to 1 default profile: "default"[0;39m
[2024-06-03 10:16:37 [32mINFO [0;39m restartedMain] [org.springframework.boot.devtools.env.DevToolsPropertyDefaultsPostProcessor] [36mDevtools property defaults active! Set 'spring.devtools.add-properties' to 'false' to disable[0;39m
[2024-06-03 10:16:37 [32mINFO [0;39m restartedMain] [org.springframework.boot.devtools.env.DevToolsPropertyDefaultsPostProcessor] [36mFor additional web related logging consider setting the 'logging.level.web' property to 'DEBUG'[0;39m
[2024-06-03 10:16:38 [32mINFO [0;39m restartedMain] [org.springframework.boot.web.embedded.tomcat.TomcatWebServer] [36mTomcat initialized with port 8080 (http)[0;39m
[2024-06-03 10:16:38 [32mINFO [0;39m restartedMain] [org.apache.coyote.http11.Http11NioProtocol] [36mInitializing ProtocolHandler ["http-nio-8080"][0;39m
[2024-06-03 10:16:38 [32mINFO [0;39m restartedMain] [org.apache.catalina.core.StandardService] [36mStarting service [Tomcat][0;39m
[2024-06-03 10:16:38 [32mINFO [0;39m restartedMain] [org.apache.catalina.core.StandardEngine] [36mStarting Servlet engine: [Apache Tomcat/10.1.20][0;39m
[2024-06-03 10:16:38 [32mINFO [0;39m restartedMain] [org.apache.catalina.core.ContainerBase.[Tomcat].[localhost].[/]] [36mInitializing Spring embedded WebApplicationContext[0;39m
[2024-06-03 10:16:38 [32mINFO [0;39m restartedMain] [org.springframework.boot.web.servlet.context.ServletWebServerApplicationContext] [36mRoot WebApplicationContext: initialization completed in 1021 ms[0;39m
[2024-06-03 10:16:39 [32mINFO [0;39m restartedMain] [org.springframework.boot.devtools.autoconfigure.OptionalLiveReloadServer] [36mLiveReload server is running on port 35729[0;39m
[2024-06-03 10:16:39 [32mINFO [0;39m restartedMain] [org.springframework.boot.actuate.endpoint.web.EndpointLinksResolver] [36mExposing 1 endpoint(s) beneath base path '/actuator'[0;39m
[2024-06-03 10:16:39 [32mINFO [0;39m restartedMain] [org.apache.coyote.http11.Http11NioProtocol] [36mStarting ProtocolHandler ["http-nio-8080"][0;39m
[2024-06-03 10:16:39 [32mINFO [0;39m restartedMain] [org.springframework.boot.web.embedded.tomcat.TomcatWebServer] [36mTomcat started on port 8080 (http) with context path ''[0;39m
[2024-06-03 10:16:39 [32mINFO [0;39m restartedMain] [com.green.todo.TodoApplication] [36mStarted TodoApplication in 2.188 seconds (process running for 2.561)[0;39m
[2024-06-03 10:16:39 [32mINFO [0;39m RMI TCP Connection(2)-192.168.0.207] [org.apache.catalina.core.ContainerBase.[Tomcat].[localhost].[/]] [36mInitializing Spring DispatcherServlet 'dispatcherServlet'[0;39m
[2024-06-03 10:16:39 [32mINFO [0;39m RMI TCP Connection(2)-192.168.0.207] [org.springframework.web.servlet.DispatcherServlet] [36mInitializing Servlet 'dispatcherServlet'[0;39m
[2024-06-03 10:16:39 [32mINFO [0;39m RMI TCP Connection(2)-192.168.0.207] [org.springframework.web.servlet.DispatcherServlet] [36mCompleted initialization in 1 ms[0;39m
[2024-06-03 10:16:39 [32mINFO [0;39m RMI TCP Connection(1)-192.168.0.207] [com.zaxxer.hikari.HikariDataSource] [36mHikariPool-1 - Starting...[0;39m
[2024-06-03 10:16:39 [32mINFO [0;39m RMI TCP Connection(1)-192.168.0.207] [com.zaxxer.hikari.pool.HikariPool] [36mHikariPool-1 - Added connection net.sf.log4jdbc.sql.jdbcapi.ConnectionSpy@2997546b[0;39m
[2024-06-03 10:16:39 [32mINFO [0;39m RMI TCP Connection(1)-192.168.0.207] [com.zaxxer.hikari.HikariDataSource] [36mHikariPool-1 - Start completed.[0;39m
[2024-06-03 10:16:41 [32mINFO [0;39m http-nio-8080-exec-4] [org.springdoc.api.AbstractOpenApiResource] [36mInit duration for springdoc-openapi is: 211 ms[0;39m
[2024-06-03 10:16:41 [32mINFO [0;39m http-nio-8080-exec-8] [org.springdoc.api.AbstractOpenApiResource] [36mInit duration for springdoc-openapi is: 79 ms[0;39m
[2024-06-03 10:17:22 [32mINFO [0;39m SpringApplicationShutdownHook] [com.zaxxer.hikari.HikariDataSource] [36mHikariPool-1 - Shutdown initiated...[0;39m
[2024-06-03 10:17:22 [32mINFO [0;39m SpringApplicationShutdownHook] [com.zaxxer.hikari.HikariDataSource] [36mHikariPool-1 - Shutdown completed.[0;39m
[2024-06-03 10:17:24 [32mINFO [0;39m restartedMain] [com.green.todo.TodoApplication] [36mStarting TodoApplication using Java 17.0.10 with PID 9656 (D:\Students\MJ\backEnd\todo\build\classes\java\main started by Administrator in D:\Students\MJ\backEnd\todo)[0;39m
[2024-06-03 10:17:24 [32mINFO [0;39m restartedMain] [com.green.todo.TodoApplication] [36mNo active profile set, falling back to 1 default profile: "default"[0;39m
[2024-06-03 10:17:24 [32mINFO [0;39m restartedMain] [org.springframework.boot.devtools.env.DevToolsPropertyDefaultsPostProcessor] [36mDevtools property defaults active! Set 'spring.devtools.add-properties' to 'false' to disable[0;39m
[2024-06-03 10:17:24 [32mINFO [0;39m restartedMain] [org.springframework.boot.devtools.env.DevToolsPropertyDefaultsPostProcessor] [36mFor additional web related logging consider setting the 'logging.level.web' property to 'DEBUG'[0;39m
[2024-06-03 10:17:25 [32mINFO [0;39m restartedMain] [org.springframework.boot.web.embedded.tomcat.TomcatWebServer] [36mTomcat initialized with port 8080 (http)[0;39m
[2024-06-03 10:17:25 [32mINFO [0;39m restartedMain] [org.apache.coyote.http11.Http11NioProtocol] [36mInitializing ProtocolHandler ["http-nio-8080"][0;39m
[2024-06-03 10:17:25 [32mINFO [0;39m restartedMain] [org.apache.catalina.core.StandardService] [36mStarting service [Tomcat][0;39m
[2024-06-03 10:17:25 [32mINFO [0;39m restartedMain] [org.apache.catalina.core.StandardEngine] [36mStarting Servlet engine: [Apache Tomcat/10.1.20][0;39m
[2024-06-03 10:17:25 [32mINFO [0;39m restartedMain] [org.apache.catalina.core.ContainerBase.[Tomcat].[localhost].[/]] [36mInitializing Spring embedded WebApplicationContext[0;39m
[2024-06-03 10:17:25 [32mINFO [0;39m restartedMain] [org.springframework.boot.web.servlet.context.ServletWebServerApplicationContext] [36mRoot WebApplicationContext: initialization completed in 1013 ms[0;39m
[2024-06-03 10:17:26 [32mINFO [0;39m restartedMain] [org.springframework.boot.devtools.autoconfigure.OptionalLiveReloadServer] [36mLiveReload server is running on port 35729[0;39m
[2024-06-03 10:17:26 [32mINFO [0;39m restartedMain] [org.springframework.boot.actuate.endpoint.web.EndpointLinksResolver] [36mExposing 1 endpoint(s) beneath base path '/actuator'[0;39m
[2024-06-03 10:17:26 [32mINFO [0;39m restartedMain] [org.apache.coyote.http11.Http11NioProtocol] [36mStarting ProtocolHandler ["http-nio-8080"][0;39m
[2024-06-03 10:17:26 [32mINFO [0;39m restartedMain] [org.springframework.boot.web.embedded.tomcat.TomcatWebServer] [36mTomcat started on port 8080 (http) with context path ''[0;39m
[2024-06-03 10:17:26 [32mINFO [0;39m restartedMain] [com.green.todo.TodoApplication] [36mStarted TodoApplication in 2.097 seconds (process running for 2.477)[0;39m
[2024-06-03 10:17:26 [32mINFO [0;39m RMI TCP Connection(1)-192.168.0.207] [org.apache.catalina.core.ContainerBase.[Tomcat].[localhost].[/]] [36mInitializing Spring DispatcherServlet 'dispatcherServlet'[0;39m
[2024-06-03 10:17:26 [32mINFO [0;39m RMI TCP Connection(1)-192.168.0.207] [org.springframework.web.servlet.DispatcherServlet] [36mInitializing Servlet 'dispatcherServlet'[0;39m
[2024-06-03 10:17:26 [32mINFO [0;39m RMI TCP Connection(1)-192.168.0.207] [org.springframework.web.servlet.DispatcherServlet] [36mCompleted initialization in 1 ms[0;39m
[2024-06-03 10:17:26 [32mINFO [0;39m RMI TCP Connection(2)-192.168.0.207] [com.zaxxer.hikari.HikariDataSource] [36mHikariPool-1 - Starting...[0;39m
[2024-06-03 10:17:26 [32mINFO [0;39m RMI TCP Connection(2)-192.168.0.207] [com.zaxxer.hikari.pool.HikariPool] [36mHikariPool-1 - Added connection net.sf.log4jdbc.sql.jdbcapi.ConnectionSpy@29f0d775[0;39m
[2024-06-03 10:17:26 [32mINFO [0;39m RMI TCP Connection(2)-192.168.0.207] [com.zaxxer.hikari.HikariDataSource] [36mHikariPool-1 - Start completed.[0;39m
[2024-06-03 10:17:27 [32mINFO [0;39m http-nio-8080-exec-9] [org.springdoc.api.AbstractOpenApiResource] [36mInit duration for springdoc-openapi is: 219 ms[0;39m
[2024-06-03 10:18:51 [32mINFO [0;39m http-nio-8080-exec-4] [org.springdoc.api.AbstractOpenApiResource] [36mInit duration for springdoc-openapi is: 89 ms[0;39m
[2024-06-03 10:19:26 [32mINFO [0;39m SpringApplicationShutdownHook] [com.zaxxer.hikari.HikariDataSource] [36mHikariPool-1 - Shutdown initiated...[0;39m
[2024-06-03 10:19:26 [32mINFO [0;39m SpringApplicationShutdownHook] [com.zaxxer.hikari.HikariDataSource] [36mHikariPool-1 - Shutdown completed.[0;39m
[2024-06-03 10:19:27 [32mINFO [0;39m restartedMain] [com.green.todo.TodoApplication] [36mStarting TodoApplication using Java 17.0.10 with PID 2912 (D:\Students\MJ\backEnd\todo\build\classes\java\main started by Administrator in D:\Students\MJ\backEnd\todo)[0;39m
[2024-06-03 10:19:27 [32mINFO [0;39m restartedMain] [com.green.todo.TodoApplication] [36mNo active profile set, falling back to 1 default profile: "default"[0;39m
[2024-06-03 10:19:27 [32mINFO [0;39m restartedMain] [org.springframework.boot.devtools.env.DevToolsPropertyDefaultsPostProcessor] [36mDevtools property defaults active! Set 'spring.devtools.add-properties' to 'false' to disable[0;39m
[2024-06-03 10:19:27 [32mINFO [0;39m restartedMain] [org.springframework.boot.devtools.env.DevToolsPropertyDefaultsPostProcessor] [36mFor additional web related logging consider setting the 'logging.level.web' property to 'DEBUG'[0;39m
[2024-06-03 10:19:28 [32mINFO [0;39m restartedMain] [org.springframework.boot.web.embedded.tomcat.TomcatWebServer] [36mTomcat initialized with port 8080 (http)[0;39m
[2024-06-03 10:19:28 [32mINFO [0;39m restartedMain] [org.apache.coyote.http11.Http11NioProtocol] [36mInitializing ProtocolHandler ["http-nio-8080"][0;39m
[2024-06-03 10:19:28 [32mINFO [0;39m restartedMain] [org.apache.catalina.core.StandardService] [36mStarting service [Tomcat][0;39m
[2024-06-03 10:19:28 [32mINFO [0;39m restartedMain] [org.apache.catalina.core.StandardEngine] [36mStarting Servlet engine: [Apache Tomcat/10.1.20][0;39m
[2024-06-03 10:19:28 [32mINFO [0;39m restartedMain] [org.apache.catalina.core.ContainerBase.[Tomcat].[localhost].[/]] [36mInitializing Spring embedded WebApplicationContext[0;39m
[2024-06-03 10:19:28 [32mINFO [0;39m restartedMain] [org.springframework.boot.web.servlet.context.ServletWebServerApplicationContext] [36mRoot WebApplicationContext: initialization completed in 996 ms[0;39m
[2024-06-03 10:19:29 [32mINFO [0;39m restartedMain] [org.springframework.boot.devtools.autoconfigure.OptionalLiveReloadServer] [36mLiveReload server is running on port 35729[0;39m
[2024-06-03 10:19:29 [32mINFO [0;39m restartedMain] [org.springframework.boot.actuate.endpoint.web.EndpointLinksResolver] [36mExposing 1 endpoint(s) beneath base path '/actuator'[0;39m
[2024-06-03 10:19:29 [32mINFO [0;39m restartedMain] [org.apache.coyote.http11.Http11NioProtocol] [36mStarting ProtocolHandler ["http-nio-8080"][0;39m
[2024-06-03 10:19:29 [32mINFO [0;39m restartedMain] [org.springframework.boot.web.embedded.tomcat.TomcatWebServer] [36mTomcat started on port 8080 (http) with context path ''[0;39m
[2024-06-03 10:19:29 [32mINFO [0;39m restartedMain] [com.green.todo.TodoApplication] [36mStarted TodoApplication in 2.065 seconds (process running for 2.433)[0;39m
[2024-06-03 10:19:29 [32mINFO [0;39m RMI TCP Connection(2)-192.168.0.207] [org.apache.catalina.core.ContainerBase.[Tomcat].[localhost].[/]] [36mInitializing Spring DispatcherServlet 'dispatcherServlet'[0;39m
[2024-06-03 10:19:29 [32mINFO [0;39m RMI TCP Connection(2)-192.168.0.207] [org.springframework.web.servlet.DispatcherServlet] [36mInitializing Servlet 'dispatcherServlet'[0;39m
[2024-06-03 10:19:29 [32mINFO [0;39m RMI TCP Connection(2)-192.168.0.207] [org.springframework.web.servlet.DispatcherServlet] [36mCompleted initialization in 1 ms[0;39m
[2024-06-03 10:19:29 [32mINFO [0;39m RMI TCP Connection(3)-192.168.0.207] [com.zaxxer.hikari.HikariDataSource] [36mHikariPool-1 - Starting...[0;39m
[2024-06-03 10:19:29 [32mINFO [0;39m RMI TCP Connection(3)-192.168.0.207] [com.zaxxer.hikari.pool.HikariPool] [36mHikariPool-1 - Added connection net.sf.log4jdbc.sql.jdbcapi.ConnectionSpy@56b775ad[0;39m
[2024-06-03 10:19:29 [32mINFO [0;39m RMI TCP Connection(3)-192.168.0.207] [com.zaxxer.hikari.HikariDataSource] [36mHikariPool-1 - Start completed.[0;39m
[2024-06-03 10:19:35 [32mDEBUG[0;39m http-nio-8080-exec-1] [jdbc.sqltiming] [36m com.zaxxer.hikari.pool.ProxyPreparedStatement.execute(ProxyPreparedStatement.java:44)
1. DELETE FROM tag
        WHERE tag_id = 9
        AND (
            SELECT calendar_id
            FROM calendar_user
            WHERE user_id = 9
        )	= 9
 {executed in 2 msec}[0;39m
[2024-06-03 10:19:45 [32mINFO [0;39m http-nio-8080-exec-8] [org.springdoc.api.AbstractOpenApiResource] [36mInit duration for springdoc-openapi is: 231 ms[0;39m
[2024-06-03 10:19:55 [32mINFO [0;39m http-nio-8080-exec-9] [org.springdoc.api.AbstractOpenApiResource] [36mInit duration for springdoc-openapi is: 81 ms[0;39m
[2024-06-03 10:28:20 [32mDEBUG[0;39m http-nio-8080-exec-3] [jdbc.sqltiming] [36m com.zaxxer.hikari.pool.ProxyPreparedStatement.execute(ProxyPreparedStatement.java:44)
1. SELECT tag_id AS tagId, calendar_id AS calendarId, title, color
            , created_at AS createdAt, updated_at AS updatedAt
        FROM tag
        WHERE title = '프로젝트'
 {executed in 1 msec}[0;39m
[2024-06-03 10:28:20 [32mINFO [0;39m http-nio-8080-exec-3] [jdbc.resultsettable] [36m
|-------|------------|------|------|-----------|-----------|
|tag_id |calendar_id |title |color |created_at |updated_at |
|-------|------------|------|------|-----------|-----------|
|-------|------------|------|------|-----------|-----------|
[0;39m
[2024-06-03 10:28:20 [32mDEBUG[0;39m http-nio-8080-exec-3] [jdbc.sqltiming] [36m com.zaxxer.hikari.pool.ProxyPreparedStatement.execute(ProxyPreparedStatement.java:44)
1. INSERT INTO tag
        SET calendar_id = 1
            , title = '프로젝트'
            , color = 1
 {executed in 8 msec}[0;39m
[2024-06-03 10:28:20 [32mDEBUG[0;39m http-nio-8080-exec-3] [jdbc.sqltiming] [36m com.zaxxer.hikari.pool.ProxyStatement.getGeneratedKeys(ProxyStatement.java:229)
1. getGeneratedKeys on query: INSERT INTO tag
        SET calendar_id = 1
            , title = '프로젝트'
            , color = 1
 {executed in 0 msec}[0;39m
[2024-06-03 10:28:20 [32mINFO [0;39m http-nio-8080-exec-3] [jdbc.resultsettable] [36m
|----------|
|insert_id |
|----------|
|4         |
|----------|
[0;39m
[2024-06-03 10:28:42 [33mWARN [0;39m http-nio-8080-exec-4] [org.springframework.web.servlet.mvc.support.DefaultHandlerExceptionResolver] [36mResolved [org.springframework.http.converter.HttpMessageNotReadableException: JSON parse error: Unexpected character (',' (code 44)): expected a value][0;39m
[2024-06-03 10:29:11 [32mINFO [0;39m SpringApplicationShutdownHook] [com.zaxxer.hikari.HikariDataSource] [36mHikariPool-1 - Shutdown initiated...[0;39m
[2024-06-03 10:29:11 [32mINFO [0;39m SpringApplicationShutdownHook] [com.zaxxer.hikari.HikariDataSource] [36mHikariPool-1 - Shutdown completed.[0;39m
[2024-06-03 10:29:12 [32mINFO [0;39m restartedMain] [com.green.todo.TodoApplication] [36mStarting TodoApplication using Java 17.0.10 with PID 3212 (D:\Students\MJ\backEnd\todo\build\classes\java\main started by Administrator in D:\Students\MJ\backEnd\todo)[0;39m
[2024-06-03 10:29:12 [32mINFO [0;39m restartedMain] [com.green.todo.TodoApplication] [36mNo active profile set, falling back to 1 default profile: "default"[0;39m
[2024-06-03 10:29:12 [32mINFO [0;39m restartedMain] [org.springframework.boot.devtools.env.DevToolsPropertyDefaultsPostProcessor] [36mDevtools property defaults active! Set 'spring.devtools.add-properties' to 'false' to disable[0;39m
[2024-06-03 10:29:12 [32mINFO [0;39m restartedMain] [org.springframework.boot.devtools.env.DevToolsPropertyDefaultsPostProcessor] [36mFor additional web related logging consider setting the 'logging.level.web' property to 'DEBUG'[0;39m
[2024-06-03 10:29:13 [32mINFO [0;39m restartedMain] [org.springframework.boot.web.embedded.tomcat.TomcatWebServer] [36mTomcat initialized with port 8080 (http)[0;39m
[2024-06-03 10:29:13 [32mINFO [0;39m restartedMain] [org.apache.coyote.http11.Http11NioProtocol] [36mInitializing ProtocolHandler ["http-nio-8080"][0;39m
[2024-06-03 10:29:13 [32mINFO [0;39m restartedMain] [org.apache.catalina.core.StandardService] [36mStarting service [Tomcat][0;39m
[2024-06-03 10:29:13 [32mINFO [0;39m restartedMain] [org.apache.catalina.core.StandardEngine] [36mStarting Servlet engine: [Apache Tomcat/10.1.20][0;39m
[2024-06-03 10:29:13 [32mINFO [0;39m restartedMain] [org.apache.catalina.core.ContainerBase.[Tomcat].[localhost].[/]] [36mInitializing Spring embedded WebApplicationContext[0;39m
[2024-06-03 10:29:13 [32mINFO [0;39m restartedMain] [org.springframework.boot.web.servlet.context.ServletWebServerApplicationContext] [36mRoot WebApplicationContext: initialization completed in 1019 ms[0;39m
[2024-06-03 10:29:14 [32mINFO [0;39m restartedMain] [org.springframework.boot.devtools.autoconfigure.OptionalLiveReloadServer] [36mLiveReload server is running on port 35729[0;39m
[2024-06-03 10:29:14 [32mINFO [0;39m restartedMain] [org.springframework.boot.actuate.endpoint.web.EndpointLinksResolver] [36mExposing 1 endpoint(s) beneath base path '/actuator'[0;39m
[2024-06-03 10:29:14 [32mINFO [0;39m restartedMain] [org.apache.coyote.http11.Http11NioProtocol] [36mStarting ProtocolHandler ["http-nio-8080"][0;39m
[2024-06-03 10:29:14 [32mINFO [0;39m restartedMain] [org.springframework.boot.web.embedded.tomcat.TomcatWebServer] [36mTomcat started on port 8080 (http) with context path ''[0;39m
[2024-06-03 10:29:14 [32mINFO [0;39m restartedMain] [com.green.todo.TodoApplication] [36mStarted TodoApplication in 2.086 seconds (process running for 2.455)[0;39m
[2024-06-03 10:29:14 [32mINFO [0;39m RMI TCP Connection(2)-192.168.0.207] [org.apache.catalina.core.ContainerBase.[Tomcat].[localhost].[/]] [36mInitializing Spring DispatcherServlet 'dispatcherServlet'[0;39m
[2024-06-03 10:29:14 [32mINFO [0;39m RMI TCP Connection(2)-192.168.0.207] [org.springframework.web.servlet.DispatcherServlet] [36mInitializing Servlet 'dispatcherServlet'[0;39m
[2024-06-03 10:29:14 [32mINFO [0;39m RMI TCP Connection(2)-192.168.0.207] [org.springframework.web.servlet.DispatcherServlet] [36mCompleted initialization in 1 ms[0;39m
[2024-06-03 10:29:14 [32mINFO [0;39m RMI TCP Connection(1)-192.168.0.207] [com.zaxxer.hikari.HikariDataSource] [36mHikariPool-1 - Starting...[0;39m
[2024-06-03 10:29:14 [32mINFO [0;39m RMI TCP Connection(1)-192.168.0.207] [com.zaxxer.hikari.pool.HikariPool] [36mHikariPool-1 - Added connection net.sf.log4jdbc.sql.jdbcapi.ConnectionSpy@1398ce26[0;39m
[2024-06-03 10:29:14 [32mINFO [0;39m RMI TCP Connection(1)-192.168.0.207] [com.zaxxer.hikari.HikariDataSource] [36mHikariPool-1 - Start completed.[0;39m
[2024-06-03 10:29:38 [32mDEBUG[0;39m http-nio-8080-exec-1] [jdbc.sqltiming] [36m com.zaxxer.hikari.pool.ProxyPreparedStatement.execute(ProxyPreparedStatement.java:44)
1. SELECT tag_id AS tagId, calendar_id AS calendarId, title, color
            , created_at AS createdAt, updated_at AS updatedAt
        FROM tag
        WHERE title = '프로젝트1'
 {executed in 1 msec}[0;39m
[2024-06-03 10:29:38 [32mINFO [0;39m http-nio-8080-exec-1] [jdbc.resultsettable] [36m
|-------|------------|------|------|-----------|-----------|
|tag_id |calendar_id |title |color |created_at |updated_at |
|-------|------------|------|------|-----------|-----------|
|-------|------------|------|------|-----------|-----------|
[0;39m
[2024-06-03 10:29:38 [32mDEBUG[0;39m http-nio-8080-exec-1] [jdbc.sqltiming] [36m com.zaxxer.hikari.pool.ProxyPreparedStatement.execute(ProxyPreparedStatement.java:44)
1. UPDATE tag
         SET title = '프로젝트1' 
        WHERE tag_id = 4
 {executed in 2 msec}[0;39m
[2024-06-03 10:30:08 [32mINFO [0;39m SpringApplicationShutdownHook] [com.zaxxer.hikari.HikariDataSource] [36mHikariPool-1 - Shutdown initiated...[0;39m
[2024-06-03 10:30:08 [32mINFO [0;39m SpringApplicationShutdownHook] [com.zaxxer.hikari.HikariDataSource] [36mHikariPool-1 - Shutdown completed.[0;39m
[2024-06-03 10:30:10 [32mINFO [0;39m restartedMain] [com.green.todo.TodoApplication] [36mStarting TodoApplication using Java 17.0.10 with PID 11832 (D:\Students\MJ\backEnd\todo\build\classes\java\main started by Administrator in D:\Students\MJ\backEnd\todo)[0;39m
[2024-06-03 10:30:10 [32mINFO [0;39m restartedMain] [com.green.todo.TodoApplication] [36mNo active profile set, falling back to 1 default profile: "default"[0;39m
[2024-06-03 10:30:10 [32mINFO [0;39m restartedMain] [org.springframework.boot.devtools.env.DevToolsPropertyDefaultsPostProcessor] [36mDevtools property defaults active! Set 'spring.devtools.add-properties' to 'false' to disable[0;39m
[2024-06-03 10:30:10 [32mINFO [0;39m restartedMain] [org.springframework.boot.devtools.env.DevToolsPropertyDefaultsPostProcessor] [36mFor additional web related logging consider setting the 'logging.level.web' property to 'DEBUG'[0;39m
[2024-06-03 10:30:11 [32mINFO [0;39m restartedMain] [org.springframework.boot.web.embedded.tomcat.TomcatWebServer] [36mTomcat initialized with port 8080 (http)[0;39m
[2024-06-03 10:30:11 [32mINFO [0;39m restartedMain] [org.apache.coyote.http11.Http11NioProtocol] [36mInitializing ProtocolHandler ["http-nio-8080"][0;39m
[2024-06-03 10:30:11 [32mINFO [0;39m restartedMain] [org.apache.catalina.core.StandardService] [36mStarting service [Tomcat][0;39m
[2024-06-03 10:30:11 [32mINFO [0;39m restartedMain] [org.apache.catalina.core.StandardEngine] [36mStarting Servlet engine: [Apache Tomcat/10.1.20][0;39m
[2024-06-03 10:30:11 [32mINFO [0;39m restartedMain] [org.apache.catalina.core.ContainerBase.[Tomcat].[localhost].[/]] [36mInitializing Spring embedded WebApplicationContext[0;39m
[2024-06-03 10:30:11 [32mINFO [0;39m restartedMain] [org.springframework.boot.web.servlet.context.ServletWebServerApplicationContext] [36mRoot WebApplicationContext: initialization completed in 1016 ms[0;39m
[2024-06-03 10:30:11 [32mINFO [0;39m restartedMain] [org.springframework.boot.devtools.autoconfigure.OptionalLiveReloadServer] [36mLiveReload server is running on port 35729[0;39m
[2024-06-03 10:30:11 [32mINFO [0;39m restartedMain] [org.springframework.boot.actuate.endpoint.web.EndpointLinksResolver] [36mExposing 1 endpoint(s) beneath base path '/actuator'[0;39m
[2024-06-03 10:30:11 [32mINFO [0;39m restartedMain] [org.apache.coyote.http11.Http11NioProtocol] [36mStarting ProtocolHandler ["http-nio-8080"][0;39m
[2024-06-03 10:30:11 [32mINFO [0;39m restartedMain] [org.springframework.boot.web.embedded.tomcat.TomcatWebServer] [36mTomcat started on port 8080 (http) with context path ''[0;39m
[2024-06-03 10:30:11 [32mINFO [0;39m restartedMain] [com.green.todo.TodoApplication] [36mStarted TodoApplication in 2.089 seconds (process running for 2.454)[0;39m
[2024-06-03 10:30:12 [32mINFO [0;39m RMI TCP Connection(1)-192.168.0.207] [org.apache.catalina.core.ContainerBase.[Tomcat].[localhost].[/]] [36mInitializing Spring DispatcherServlet 'dispatcherServlet'[0;39m
[2024-06-03 10:30:12 [32mINFO [0;39m RMI TCP Connection(1)-192.168.0.207] [org.springframework.web.servlet.DispatcherServlet] [36mInitializing Servlet 'dispatcherServlet'[0;39m
[2024-06-03 10:30:12 [32mINFO [0;39m RMI TCP Connection(2)-192.168.0.207] [com.zaxxer.hikari.HikariDataSource] [36mHikariPool-1 - Starting...[0;39m
[2024-06-03 10:30:12 [32mINFO [0;39m RMI TCP Connection(1)-192.168.0.207] [org.springframework.web.servlet.DispatcherServlet] [36mCompleted initialization in 1 ms[0;39m
[2024-06-03 10:30:12 [32mINFO [0;39m RMI TCP Connection(2)-192.168.0.207] [com.zaxxer.hikari.pool.HikariPool] [36mHikariPool-1 - Added connection net.sf.log4jdbc.sql.jdbcapi.ConnectionSpy@74a6eabc[0;39m
[2024-06-03 10:30:12 [32mINFO [0;39m RMI TCP Connection(2)-192.168.0.207] [com.zaxxer.hikari.HikariDataSource] [36mHikariPool-1 - Start completed.[0;39m
[2024-06-03 10:30:16 [32mINFO [0;39m http-nio-8080-exec-4] [org.springdoc.api.AbstractOpenApiResource] [36mInit duration for springdoc-openapi is: 223 ms[0;39m
[2024-06-03 10:30:26 [33mWARN [0;39m http-nio-8080-exec-7] [org.springframework.web.servlet.mvc.support.DefaultHandlerExceptionResolver] [36mResolved [org.springframework.http.converter.HttpMessageNotReadableException: JSON parse error: Unexpected character (',' (code 44)): expected a value][0;39m
[2024-06-03 10:30:39 [32mINFO [0;39m SpringApplicationShutdownHook] [com.zaxxer.hikari.HikariDataSource] [36mHikariPool-1 - Shutdown initiated...[0;39m
[2024-06-03 10:30:39 [32mINFO [0;39m SpringApplicationShutdownHook] [com.zaxxer.hikari.HikariDataSource] [36mHikariPool-1 - Shutdown completed.[0;39m
[2024-06-03 10:30:40 [32mINFO [0;39m restartedMain] [com.green.todo.TodoApplication] [36mStarting TodoApplication using Java 17.0.10 with PID 7744 (D:\Students\MJ\backEnd\todo\build\classes\java\main started by Administrator in D:\Students\MJ\backEnd\todo)[0;39m
[2024-06-03 10:30:40 [32mINFO [0;39m restartedMain] [com.green.todo.TodoApplication] [36mNo active profile set, falling back to 1 default profile: "default"[0;39m
[2024-06-03 10:30:40 [32mINFO [0;39m restartedMain] [org.springframework.boot.devtools.env.DevToolsPropertyDefaultsPostProcessor] [36mDevtools property defaults active! Set 'spring.devtools.add-properties' to 'false' to disable[0;39m
[2024-06-03 10:30:40 [32mINFO [0;39m restartedMain] [org.springframework.boot.devtools.env.DevToolsPropertyDefaultsPostProcessor] [36mFor additional web related logging consider setting the 'logging.level.web' property to 'DEBUG'[0;39m
[2024-06-03 10:30:41 [32mINFO [0;39m restartedMain] [org.springframework.boot.web.embedded.tomcat.TomcatWebServer] [36mTomcat initialized with port 8080 (http)[0;39m
[2024-06-03 10:30:41 [32mINFO [0;39m restartedMain] [org.apache.coyote.http11.Http11NioProtocol] [36mInitializing ProtocolHandler ["http-nio-8080"][0;39m
[2024-06-03 10:30:41 [32mINFO [0;39m restartedMain] [org.apache.catalina.core.StandardService] [36mStarting service [Tomcat][0;39m
[2024-06-03 10:30:41 [32mINFO [0;39m restartedMain] [org.apache.catalina.core.StandardEngine] [36mStarting Servlet engine: [Apache Tomcat/10.1.20][0;39m
[2024-06-03 10:30:41 [32mINFO [0;39m restartedMain] [org.apache.catalina.core.ContainerBase.[Tomcat].[localhost].[/]] [36mInitializing Spring embedded WebApplicationContext[0;39m
[2024-06-03 10:30:41 [32mINFO [0;39m restartedMain] [org.springframework.boot.web.servlet.context.ServletWebServerApplicationContext] [36mRoot WebApplicationContext: initialization completed in 1000 ms[0;39m
[2024-06-03 10:30:42 [32mINFO [0;39m restartedMain] [org.springframework.boot.devtools.autoconfigure.OptionalLiveReloadServer] [36mLiveReload server is running on port 35729[0;39m
[2024-06-03 10:30:42 [32mINFO [0;39m restartedMain] [org.springframework.boot.actuate.endpoint.web.EndpointLinksResolver] [36mExposing 1 endpoint(s) beneath base path '/actuator'[0;39m
[2024-06-03 10:30:42 [32mINFO [0;39m restartedMain] [org.apache.coyote.http11.Http11NioProtocol] [36mStarting ProtocolHandler ["http-nio-8080"][0;39m
[2024-06-03 10:30:42 [32mINFO [0;39m restartedMain] [org.springframework.boot.web.embedded.tomcat.TomcatWebServer] [36mTomcat started on port 8080 (http) with context path ''[0;39m
[2024-06-03 10:30:42 [32mINFO [0;39m restartedMain] [com.green.todo.TodoApplication] [36mStarted TodoApplication in 2.094 seconds (process running for 2.452)[0;39m
[2024-06-03 10:30:42 [32mINFO [0;39m RMI TCP Connection(2)-192.168.0.207] [org.apache.catalina.core.ContainerBase.[Tomcat].[localhost].[/]] [36mInitializing Spring DispatcherServlet 'dispatcherServlet'[0;39m
[2024-06-03 10:30:42 [32mINFO [0;39m RMI TCP Connection(2)-192.168.0.207] [org.springframework.web.servlet.DispatcherServlet] [36mInitializing Servlet 'dispatcherServlet'[0;39m
[2024-06-03 10:30:42 [32mINFO [0;39m RMI TCP Connection(2)-192.168.0.207] [org.springframework.web.servlet.DispatcherServlet] [36mCompleted initialization in 1 ms[0;39m
[2024-06-03 10:30:42 [32mINFO [0;39m RMI TCP Connection(1)-192.168.0.207] [com.zaxxer.hikari.HikariDataSource] [36mHikariPool-1 - Starting...[0;39m
[2024-06-03 10:30:42 [32mINFO [0;39m RMI TCP Connection(1)-192.168.0.207] [com.zaxxer.hikari.pool.HikariPool] [36mHikariPool-1 - Added connection net.sf.log4jdbc.sql.jdbcapi.ConnectionSpy@3f9e521[0;39m
[2024-06-03 10:30:42 [32mINFO [0;39m RMI TCP Connection(1)-192.168.0.207] [com.zaxxer.hikari.HikariDataSource] [36mHikariPool-1 - Start completed.[0;39m
[2024-06-03 10:30:47 [32mINFO [0;39m http-nio-8080-exec-8] [org.springdoc.api.AbstractOpenApiResource] [36mInit duration for springdoc-openapi is: 221 ms[0;39m
[2024-06-03 10:30:51 [33mWARN [0;39m http-nio-8080-exec-5] [org.springframework.web.servlet.mvc.support.DefaultHandlerExceptionResolver] [36mResolved [org.springframework.http.converter.HttpMessageNotReadableException: JSON parse error: Unexpected character (',' (code 44)): expected a value][0;39m
[2024-06-03 10:31:53 [32mINFO [0;39m SpringApplicationShutdownHook] [com.zaxxer.hikari.HikariDataSource] [36mHikariPool-1 - Shutdown initiated...[0;39m
[2024-06-03 10:31:53 [32mINFO [0;39m SpringApplicationShutdownHook] [com.zaxxer.hikari.HikariDataSource] [36mHikariPool-1 - Shutdown completed.[0;39m
[2024-06-03 10:31:55 [32mINFO [0;39m restartedMain] [com.green.todo.TodoApplication] [36mStarting TodoApplication using Java 17.0.10 with PID 12112 (D:\Students\MJ\backEnd\todo\build\classes\java\main started by Administrator in D:\Students\MJ\backEnd\todo)[0;39m
[2024-06-03 10:31:55 [32mINFO [0;39m restartedMain] [com.green.todo.TodoApplication] [36mNo active profile set, falling back to 1 default profile: "default"[0;39m
[2024-06-03 10:31:55 [32mINFO [0;39m restartedMain] [org.springframework.boot.devtools.env.DevToolsPropertyDefaultsPostProcessor] [36mDevtools property defaults active! Set 'spring.devtools.add-properties' to 'false' to disable[0;39m
[2024-06-03 10:31:55 [32mINFO [0;39m restartedMain] [org.springframework.boot.devtools.env.DevToolsPropertyDefaultsPostProcessor] [36mFor additional web related logging consider setting the 'logging.level.web' property to 'DEBUG'[0;39m
[2024-06-03 10:31:56 [32mINFO [0;39m restartedMain] [org.springframework.boot.web.embedded.tomcat.TomcatWebServer] [36mTomcat initialized with port 8080 (http)[0;39m
[2024-06-03 10:31:56 [32mINFO [0;39m restartedMain] [org.apache.coyote.http11.Http11NioProtocol] [36mInitializing ProtocolHandler ["http-nio-8080"][0;39m
[2024-06-03 10:31:56 [32mINFO [0;39m restartedMain] [org.apache.catalina.core.StandardService] [36mStarting service [Tomcat][0;39m
[2024-06-03 10:31:56 [32mINFO [0;39m restartedMain] [org.apache.catalina.core.StandardEngine] [36mStarting Servlet engine: [Apache Tomcat/10.1.20][0;39m
[2024-06-03 10:31:56 [32mINFO [0;39m restartedMain] [org.apache.catalina.core.ContainerBase.[Tomcat].[localhost].[/]] [36mInitializing Spring embedded WebApplicationContext[0;39m
[2024-06-03 10:31:56 [32mINFO [0;39m restartedMain] [org.springframework.boot.web.servlet.context.ServletWebServerApplicationContext] [36mRoot WebApplicationContext: initialization completed in 1002 ms[0;39m
[2024-06-03 10:31:57 [32mINFO [0;39m restartedMain] [org.springframework.boot.devtools.autoconfigure.OptionalLiveReloadServer] [36mLiveReload server is running on port 35729[0;39m
[2024-06-03 10:31:57 [32mINFO [0;39m restartedMain] [org.springframework.boot.actuate.endpoint.web.EndpointLinksResolver] [36mExposing 1 endpoint(s) beneath base path '/actuator'[0;39m
[2024-06-03 10:31:57 [32mINFO [0;39m restartedMain] [org.apache.coyote.http11.Http11NioProtocol] [36mStarting ProtocolHandler ["http-nio-8080"][0;39m
[2024-06-03 10:31:57 [32mINFO [0;39m restartedMain] [org.springframework.boot.web.embedded.tomcat.TomcatWebServer] [36mTomcat started on port 8080 (http) with context path ''[0;39m
[2024-06-03 10:31:57 [32mINFO [0;39m restartedMain] [com.green.todo.TodoApplication] [36mStarted TodoApplication in 2.108 seconds (process running for 2.477)[0;39m
[2024-06-03 10:31:57 [32mINFO [0;39m RMI TCP Connection(1)-192.168.0.207] [org.apache.catalina.core.ContainerBase.[Tomcat].[localhost].[/]] [36mInitializing Spring DispatcherServlet 'dispatcherServlet'[0;39m
[2024-06-03 10:31:57 [32mINFO [0;39m RMI TCP Connection(1)-192.168.0.207] [org.springframework.web.servlet.DispatcherServlet] [36mInitializing Servlet 'dispatcherServlet'[0;39m
[2024-06-03 10:31:57 [32mINFO [0;39m RMI TCP Connection(2)-192.168.0.207] [com.zaxxer.hikari.HikariDataSource] [36mHikariPool-1 - Starting...[0;39m
[2024-06-03 10:31:57 [32mINFO [0;39m RMI TCP Connection(1)-192.168.0.207] [org.springframework.web.servlet.DispatcherServlet] [36mCompleted initialization in 1 ms[0;39m
[2024-06-03 10:31:57 [32mINFO [0;39m RMI TCP Connection(2)-192.168.0.207] [com.zaxxer.hikari.pool.HikariPool] [36mHikariPool-1 - Added connection net.sf.log4jdbc.sql.jdbcapi.ConnectionSpy@49eda2c5[0;39m
[2024-06-03 10:31:57 [32mINFO [0;39m RMI TCP Connection(2)-192.168.0.207] [com.zaxxer.hikari.HikariDataSource] [36mHikariPool-1 - Start completed.[0;39m
[2024-06-03 10:32:07 [32mINFO [0;39m http-nio-8080-exec-4] [org.springdoc.api.AbstractOpenApiResource] [36mInit duration for springdoc-openapi is: 215 ms[0;39m
[2024-06-03 10:32:13 [33mWARN [0;39m http-nio-8080-exec-10] [org.springframework.web.servlet.mvc.support.DefaultHandlerExceptionResolver] [36mResolved [org.springframework.http.converter.HttpMessageNotReadableException: JSON parse error: Unexpected character (',' (code 44)): expected a value][0;39m
[2024-06-03 10:32:22 [32mDEBUG[0;39m http-nio-8080-exec-6] [jdbc.sqltiming] [36m com.zaxxer.hikari.pool.ProxyPreparedStatement.execute(ProxyPreparedStatement.java:44)
1. SELECT tag_id AS tagId, calendar_id AS calendarId, title, color
            , created_at AS createdAt, updated_at AS updatedAt
        FROM tag
        WHERE title = NULL
 {executed in 1 msec}[0;39m
[2024-06-03 10:32:22 [32mINFO [0;39m http-nio-8080-exec-6] [jdbc.resultsettable] [36m
|-------|------------|------|------|-----------|-----------|
|tag_id |calendar_id |title |color |created_at |updated_at |
|-------|------------|------|------|-----------|-----------|
|-------|------------|------|------|-----------|-----------|
[0;39m
[2024-06-03 10:32:22 [32mDEBUG[0;39m http-nio-8080-exec-6] [jdbc.sqltiming] [36m com.zaxxer.hikari.pool.ProxyPreparedStatement.execute(ProxyPreparedStatement.java:44)
1. UPDATE tag
         SET  color = 2 
        WHERE tag_id = 4
 {executed in 6 msec}[0;39m
[2024-06-03 10:32:32 [32mINFO [0;39m http-nio-8080-exec-5] [org.springdoc.api.AbstractOpenApiResource] [36mInit duration for springdoc-openapi is: 78 ms[0;39m
[2024-06-03 10:32:54 [32mDEBUG[0;39m http-nio-8080-exec-1] [jdbc.sqltiming] [36m com.zaxxer.hikari.pool.ProxyPreparedStatement.execute(ProxyPreparedStatement.java:44)
1. SELECT tag_id AS tagId, calendar_id AS calendarId, title, color
            , created_at AS createdAt, updated_at AS updatedAt
        FROM tag
        WHERE title = ''
 {executed in 0 msec}[0;39m
[2024-06-03 10:32:54 [32mINFO [0;39m http-nio-8080-exec-1] [jdbc.resultsettable] [36m
|-------|------------|------|------|-----------|-----------|
|tag_id |calendar_id |title |color |created_at |updated_at |
|-------|------------|------|------|-----------|-----------|
|-------|------------|------|------|-----------|-----------|
[0;39m
[2024-06-03 10:32:54 [32mDEBUG[0;39m http-nio-8080-exec-1] [jdbc.sqltiming] [36m com.zaxxer.hikari.pool.ProxyPreparedStatement.execute(ProxyPreparedStatement.java:44)
1. UPDATE tag
         SET  color = 1 
        WHERE tag_id = 4
 {executed in 6 msec}[0;39m
[2024-06-03 10:33:16 [33mWARN [0;39m http-nio-8080-exec-2] [org.springframework.web.servlet.mvc.support.DefaultHandlerExceptionResolver] [36mResolved [org.springframework.http.converter.HttpMessageNotReadableException: JSON parse error: Unexpected character (',' (code 44)): expected a value][0;39m
[2024-06-03 10:33:22 [32mDEBUG[0;39m http-nio-8080-exec-3] [jdbc.sqltiming] [36m com.zaxxer.hikari.pool.ProxyPreparedStatement.execute(ProxyPreparedStatement.java:44)
1. SELECT tag_id AS tagId, calendar_id AS calendarId, title, color
            , created_at AS createdAt, updated_at AS updatedAt
        FROM tag
        WHERE title = '프프'
 {executed in 0 msec}[0;39m
[2024-06-03 10:33:22 [32mINFO [0;39m http-nio-8080-exec-3] [jdbc.resultsettable] [36m
|-------|------------|------|------|-----------|-----------|
|tag_id |calendar_id |title |color |created_at |updated_at |
|-------|------------|------|------|-----------|-----------|
|-------|------------|------|------|-----------|-----------|
[0;39m
[2024-06-03 10:33:22 [32mDEBUG[0;39m http-nio-8080-exec-3] [jdbc.sqltiming] [36m com.zaxxer.hikari.pool.ProxyPreparedStatement.execute(ProxyPreparedStatement.java:44)
1. UPDATE tag
         SET title = '프프' 
        WHERE tag_id = 4
 {executed in 6 msec}[0;39m
[2024-06-03 10:35:09 [32mINFO [0;39m SpringApplicationShutdownHook] [com.zaxxer.hikari.HikariDataSource] [36mHikariPool-1 - Shutdown initiated...[0;39m
[2024-06-03 10:35:09 [32mINFO [0;39m SpringApplicationShutdownHook] [com.zaxxer.hikari.HikariDataSource] [36mHikariPool-1 - Shutdown completed.[0;39m
[2024-06-03 10:35:11 [32mINFO [0;39m restartedMain] [com.green.todo.TodoApplication] [36mStarting TodoApplication using Java 17.0.10 with PID 11884 (D:\Students\MJ\backEnd\todo\build\classes\java\main started by Administrator in D:\Students\MJ\backEnd\todo)[0;39m
[2024-06-03 10:35:11 [32mINFO [0;39m restartedMain] [com.green.todo.TodoApplication] [36mNo active profile set, falling back to 1 default profile: "default"[0;39m
[2024-06-03 10:35:11 [32mINFO [0;39m restartedMain] [org.springframework.boot.devtools.env.DevToolsPropertyDefaultsPostProcessor] [36mDevtools property defaults active! Set 'spring.devtools.add-properties' to 'false' to disable[0;39m
[2024-06-03 10:35:11 [32mINFO [0;39m restartedMain] [org.springframework.boot.devtools.env.DevToolsPropertyDefaultsPostProcessor] [36mFor additional web related logging consider setting the 'logging.level.web' property to 'DEBUG'[0;39m
[2024-06-03 10:35:12 [32mINFO [0;39m restartedMain] [org.springframework.boot.web.embedded.tomcat.TomcatWebServer] [36mTomcat initialized with port 8080 (http)[0;39m
[2024-06-03 10:35:12 [32mINFO [0;39m restartedMain] [org.apache.coyote.http11.Http11NioProtocol] [36mInitializing ProtocolHandler ["http-nio-8080"][0;39m
[2024-06-03 10:35:12 [32mINFO [0;39m restartedMain] [org.apache.catalina.core.StandardService] [36mStarting service [Tomcat][0;39m
[2024-06-03 10:35:12 [32mINFO [0;39m restartedMain] [org.apache.catalina.core.StandardEngine] [36mStarting Servlet engine: [Apache Tomcat/10.1.20][0;39m
[2024-06-03 10:35:12 [32mINFO [0;39m restartedMain] [org.apache.catalina.core.ContainerBase.[Tomcat].[localhost].[/]] [36mInitializing Spring embedded WebApplicationContext[0;39m
[2024-06-03 10:35:12 [32mINFO [0;39m restartedMain] [org.springframework.boot.web.servlet.context.ServletWebServerApplicationContext] [36mRoot WebApplicationContext: initialization completed in 1022 ms[0;39m
[2024-06-03 10:35:13 [32mINFO [0;39m restartedMain] [org.springframework.boot.devtools.autoconfigure.OptionalLiveReloadServer] [36mLiveReload server is running on port 35729[0;39m
[2024-06-03 10:35:13 [32mINFO [0;39m restartedMain] [org.springframework.boot.actuate.endpoint.web.EndpointLinksResolver] [36mExposing 1 endpoint(s) beneath base path '/actuator'[0;39m
[2024-06-03 10:35:13 [32mINFO [0;39m restartedMain] [org.apache.coyote.http11.Http11NioProtocol] [36mStarting ProtocolHandler ["http-nio-8080"][0;39m
[2024-06-03 10:35:13 [32mINFO [0;39m restartedMain] [org.springframework.boot.web.embedded.tomcat.TomcatWebServer] [36mTomcat started on port 8080 (http) with context path ''[0;39m
[2024-06-03 10:35:13 [32mINFO [0;39m restartedMain] [com.green.todo.TodoApplication] [36mStarted TodoApplication in 2.114 seconds (process running for 2.498)[0;39m
[2024-06-03 10:35:14 [32mINFO [0;39m RMI TCP Connection(2)-192.168.0.207] [org.apache.catalina.core.ContainerBase.[Tomcat].[localhost].[/]] [36mInitializing Spring DispatcherServlet 'dispatcherServlet'[0;39m
[2024-06-03 10:35:14 [32mINFO [0;39m RMI TCP Connection(2)-192.168.0.207] [org.springframework.web.servlet.DispatcherServlet] [36mInitializing Servlet 'dispatcherServlet'[0;39m
[2024-06-03 10:35:14 [32mINFO [0;39m RMI TCP Connection(3)-192.168.0.207] [com.zaxxer.hikari.HikariDataSource] [36mHikariPool-1 - Starting...[0;39m
[2024-06-03 10:35:14 [32mINFO [0;39m RMI TCP Connection(2)-192.168.0.207] [org.springframework.web.servlet.DispatcherServlet] [36mCompleted initialization in 1 ms[0;39m
[2024-06-03 10:35:14 [32mINFO [0;39m RMI TCP Connection(3)-192.168.0.207] [com.zaxxer.hikari.pool.HikariPool] [36mHikariPool-1 - Added connection net.sf.log4jdbc.sql.jdbcapi.ConnectionSpy@ebb8eac[0;39m
[2024-06-03 10:35:14 [32mINFO [0;39m RMI TCP Connection(3)-192.168.0.207] [com.zaxxer.hikari.HikariDataSource] [36mHikariPool-1 - Start completed.[0;39m
[2024-06-03 10:35:15 [32mINFO [0;39m http-nio-8080-exec-4] [org.springdoc.api.AbstractOpenApiResource] [36mInit duration for springdoc-openapi is: 216 ms[0;39m
[2024-06-03 10:38:38 [32mINFO [0;39m SpringApplicationShutdownHook] [com.zaxxer.hikari.HikariDataSource] [36mHikariPool-1 - Shutdown initiated...[0;39m
[2024-06-03 10:38:38 [32mINFO [0;39m SpringApplicationShutdownHook] [com.zaxxer.hikari.HikariDataSource] [36mHikariPool-1 - Shutdown completed.[0;39m
